<?xml version="1.0" encoding="UTF-8"?>
<!-- Generated by org.testng.reporters.JUnitReportReporter -->
<testsuite hostname="giovanni-HP-ENVY-17-Notebook-PC" name="com.giobertox.test.automation.sample.tests.CheckSolutionsTests" tests="2" failures="0" timestamp="28 Mar 2016 18:54:59 GMT" time="15.516" errors="0">
  <testcase name="allSolutionsAreListed" time="0.999" classname="com.giobertox.test.automation.sample.tests.CheckSolutionsTests"/>
  <testcase name="solutionsSelectionsWork" time="14.517" classname="com.giobertox.test.automation.sample.tests.CheckSolutionsTests"/>
</testsuite> <!-- com.giobertox.test.automation.sample.tests.CheckSolutionsTests -->
