<?xml version="1.0" encoding="UTF-8"?>
<!-- Generated by org.testng.reporters.JUnitReportReporter -->
<testsuite hostname="giovanni-HP-ENVY-17-Notebook-PC" name="com.giobertox.test.automation.sample.tests.LoginTests" tests="2" failures="0" timestamp="28 Mar 2016 18:55:39 GMT" time="12.464" errors="0">
  <testcase name="testGoodPasswordCanLogin" time="6.512" classname="com.giobertox.test.automation.sample.tests.LoginTests"/>
  <testcase name="testWrongPasswordCantLogin" time="5.952" classname="com.giobertox.test.automation.sample.tests.LoginTests"/>
</testsuite> <!-- com.giobertox.test.automation.sample.tests.LoginTests -->
