<?xml version="1.0" encoding="UTF-8"?>
<!-- Generated by org.testng.reporters.JUnitReportReporter -->
<testsuite hostname="giovanni-HP-ENVY-17-Notebook-PC" name="com.giobertox.test.automation.sample.tests.CheckSolutionsTests" tests="2" failures="0" timestamp="28 Mar 2016 17:11:55 GMT" time="14.038" errors="0">
  <testcase name="allSolutionsAreListed" time="1.207" classname="com.giobertox.test.automation.sample.tests.CheckSolutionsTests"/>
  <testcase name="solutionsSelectionsWork" time="12.831" classname="com.giobertox.test.automation.sample.tests.CheckSolutionsTests"/>
</testsuite> <!-- com.giobertox.test.automation.sample.tests.CheckSolutionsTests -->
