<?xml version="1.0" encoding="UTF-8"?>
<!-- Generated by org.testng.reporters.JUnitReportReporter -->
<testsuite hostname="giovanni-HP-ENVY-17-Notebook-PC" name="com.giobertox.test.automation.sample.tests.LoginTests" tests="2" failures="0" timestamp="28 Mar 2016 17:25:16 GMT" time="14.391" errors="0">
  <testcase name="testGoodPasswordCanLogin" time="6.582" classname="com.giobertox.test.automation.sample.tests.LoginTests"/>
  <testcase name="testWrongPasswordCantLogin" time="7.809" classname="com.giobertox.test.automation.sample.tests.LoginTests"/>
</testsuite> <!-- com.giobertox.test.automation.sample.tests.LoginTests -->
