<?xml version="1.0" encoding="UTF-8"?>
<!-- Generated by org.testng.reporters.JUnitReportReporter -->
<testsuite hostname="giovanni-HP-ENVY-17-Notebook-PC" name="com.giobertox.test.automation.sample.tests.CheckSolutionsTests" tests="2" failures="0" timestamp="28 Mar 2016 17:25:36 GMT" time="12.927" errors="0">
  <testcase name="allSolutionsAreListed" time="1.101" classname="com.giobertox.test.automation.sample.tests.CheckSolutionsTests"/>
  <testcase name="solutionsSelectionsWork" time="11.826" classname="com.giobertox.test.automation.sample.tests.CheckSolutionsTests"/>
</testsuite> <!-- com.giobertox.test.automation.sample.tests.CheckSolutionsTests -->
